<?xml version="1.0" encoding="UTF-8"?><testsuite errors="0" failures="1" name="Testare.features.search.SearchByKeywordStory" skipped="0" tests="1" time="49.93" timestamp="2019-08-14T11:22:51.197836100+03:00[Europe/Athens]"><testcase classname="Testare.features.search.SearchByKeywordStory" name="Searching by keyword apple should display the corresponding article"><failure message="The following error occurred: Expected enabled element was not enabled" type="net.thucydides.core.webdriver.exceptions.ElementShouldBeEnabledException">The following error occurred: Expected enabled element was not enabled</failure><system-err>The following error occurred: Expected enabled element was not enabled&#13;
java.base/jdk.internal.reflect.NativeMethodAccessorImpl.invoke0(Native Method)&#13;
java.base/jdk.internal.reflect.NativeMethodAccessorImpl.invoke(NativeMethodAccessorImpl.java:62)&#13;
java.base/jdk.internal.reflect.DelegatingMethodAccessorImpl.invoke(DelegatingMethodAccessorImpl.java:43)&#13;
Testare.pages.DictionaryPage.lookup_terms(DictionaryPage.java:29)&#13;
Testare.steps.serenity.EndUserSteps.starts_search(EndUserSteps.java:22)&#13;
Testare.steps.serenity.EndUserSteps.looks_for(EndUserSteps.java:38)&#13;
Testare.features.search.SearchByKeywordStory.searching_by_keyword_apple_should_display_the_corresponding_article(SearchByKeywordStory.java:28)&#13;
java.base/jdk.internal.reflect.NativeMethodAccessorImpl.invoke0(Native Method)&#13;
java.base/jdk.internal.reflect.NativeMethodAccessorImpl.invoke(NativeMethodAccessorImpl.java:62)&#13;
java.base/jdk.internal.reflect.DelegatingMethodAccessorImpl.invoke(DelegatingMethodAccessorImpl.java:43)&#13;
</system-err></testcase></testsuite>