<?xml version="1.0" encoding="UTF-8"?><testsuite errors="0" failures="0" name="Testare.features.search.SearchByKeywordStory" skipped="1" tests="3" time="18.12" timestamp="2019-08-14T11:19:59.005344300+03:00[Europe/Athens]"><testcase classname="Testare.features.search.SearchByKeywordStory" name="Searching by keyword banana should display the corresponding article"/><testcase classname="Testare.features.search.SearchByKeywordStory" name="Searching by ambiguious keyword should display the disambiguation page"><skipped/></testcase><testcase classname="Testare.features.search.SearchByKeywordStory" name="Searching by keyword apple should display the corresponding article"/></testsuite>