<?xml version="1.0" encoding="UTF-8"?><testsuite errors="0" failures="1" name="Testare.features.search.LibrisTest" skipped="0" tests="1" time="15.67" timestamp="2019-08-19T12:23:18.175197500+03:00[Europe/Athens]"><testcase classname="Testare.features.search.LibrisTest" name="Gmail log in"><failure message="The following error occurred: Expected enabled element was not enabled" type="net.thucydides.core.webdriver.exceptions.ElementShouldBeEnabledException">The following error occurred: Expected enabled element was not enabled</failure><system-err>The following error occurred: Expected enabled element was not enabled&#13;
java.base/jdk.internal.reflect.NativeMethodAccessorImpl.invoke0(Native Method)&#13;
java.base/jdk.internal.reflect.NativeMethodAccessorImpl.invoke(NativeMethodAccessorImpl.java:62)&#13;
java.base/jdk.internal.reflect.DelegatingMethodAccessorImpl.invoke(DelegatingMethodAccessorImpl.java:43)&#13;
Testare.pages.LibrisPage.enterEmail(LibrisPage.java:39)&#13;
Testare.steps.serenity.LibrisSteps.loginGmail(LibrisSteps.java:25)&#13;
Testare.features.search.LibrisTest.GmailLogIn(LibrisTest.java:26)&#13;
java.base/jdk.internal.reflect.NativeMethodAccessorImpl.invoke0(Native Method)&#13;
java.base/jdk.internal.reflect.NativeMethodAccessorImpl.invoke(NativeMethodAccessorImpl.java:62)&#13;
java.base/jdk.internal.reflect.DelegatingMethodAccessorImpl.invoke(DelegatingMethodAccessorImpl.java:43)&#13;
</system-err></testcase></testsuite>