<?xml version="1.0" encoding="UTF-8"?><testsuite errors="1" failures="0" name="Testare.features.search.EmagLogOutTest" skipped="0" tests="1" time="23.07" timestamp="2019-08-19T12:19:43.440424+03:00[Europe/Athens]"><testcase classname="Testare.features.search.EmagLogOutTest" name="Emag log out"><error message="The following error occurred: Error communicating with the remote browser. It may have died.&#10;Build info: version: '3.7.1', revision: '8a0099a', time: '2017-11-06T21:01:39.354Z'&#10;System info: host: '0000LPF16U5AT', ip: '10.101.110.171', os.name: 'Windows 10', os.arch: 'amd64', os.version: '10.0', java.version: '11.0.3'&#10;Driver info: driver.version: RemoteWebDriver&#10;Capabilities {acceptInsecureCerts: false, browserName: chrome, browserVersion: 75.0.3770.100, chrome: {chromedriverVersion: 75.0.3770.140 (2d9f97485c7b..., userDataDir: C:\Users\EXT_LA~1.LUC\AppDa...}, goog:chromeOptions: {debuggerAddress: localhost:50189}, javascriptEnabled: true, networkConnectionEnabled: false, pageLoadStrategy: normal, platform: XP, platformName: XP, proxy: Proxy(), setWindowRect: true, strictFileInteractability: false, timeouts: {implicit: 0, pageLoad: 300000, script: 30000}, unhandledPromptBehavior: dismiss and notify}&#10;Session ID: 645eac0fb1d3c94da94b878f4e8bfc62" type="org.openqa.selenium.remote.UnreachableBrowserException">The following error occurred: Error communicating with the remote browser. It may have died.
Build info: version: '3.7.1', revision: '8a0099a', time: '2017-11-06T21:01:39.354Z'
System info: host: '0000LPF16U5AT', ip: '10.101.110.171', os.name: 'Windows 10', os.arch: 'amd64', os.version: '10.0', java.version: '11.0.3'
Driver info: driver.version: RemoteWebDriver
Capabilities {acceptInsecureCerts: false, browserName: chrome, browserVersion: 75.0.3770.100, chrome: {chromedriverVersion: 75.0.3770.140 (2d9f97485c7b..., userDataDir: C:\Users\EXT_LA~1.LUC\AppDa...}, goog:chromeOptions: {debuggerAddress: localhost:50189}, javascriptEnabled: true, networkConnectionEnabled: false, pageLoadStrategy: normal, platform: XP, platformName: XP, proxy: Proxy(), setWindowRect: true, strictFileInteractability: false, timeouts: {implicit: 0, pageLoad: 300000, script: 30000}, unhandledPromptBehavior: dismiss and notify}
Session ID: 645eac0fb1d3c94da94b878f4e8bfc62</error><system-err>The following error occurred: Error communicating with the remote browser. It may have died.
Build info: version: '3.7.1', revision: '8a0099a', time: '2017-11-06T21:01:39.354Z'
System info: host: '0000LPF16U5AT', ip: '10.101.110.171', os.name: 'Windows 10', os.arch: 'amd64', os.version: '10.0', java.version: '11.0.3'
Driver info: driver.version: RemoteWebDriver
Capabilities {acceptInsecureCerts: false, browserName: chrome, browserVersion: 75.0.3770.100, chrome: {chromedriverVersion: 75.0.3770.140 (2d9f97485c7b..., userDataDir: C:\Users\EXT_LA~1.LUC\AppDa...}, goog:chromeOptions: {debuggerAddress: localhost:50189}, javascriptEnabled: true, networkConnectionEnabled: false, pageLoadStrategy: normal, platform: XP, platformName: XP, proxy: Proxy(), setWindowRect: true, strictFileInteractability: false, timeouts: {implicit: 0, pageLoad: 300000, script: 30000}, unhandledPromptBehavior: dismiss and notify}
Session ID: 645eac0fb1d3c94da94b878f4e8bfc62&#13;
Testare.pages.EmagLogInPage.hoverMyAccount(EmagLogInPage.java:63)&#13;
Testare.steps.serenity.EmagLogOutSteps.logInEmag(EmagLogOutSteps.java:29)&#13;
Testare.features.search.EmagLogOutTest.emagLogOut(EmagLogOutTest.java:34)&#13;
java.base/jdk.internal.reflect.NativeMethodAccessorImpl.invoke0(Native Method)&#13;
java.base/jdk.internal.reflect.NativeMethodAccessorImpl.invoke(NativeMethodAccessorImpl.java:62)&#13;
java.base/jdk.internal.reflect.DelegatingMethodAccessorImpl.invoke(DelegatingMethodAccessorImpl.java:43)&#13;
</system-err></testcase></testsuite>